app/build/intermediates/manifest_merge_blame_file/release/processReleaseMainManifest/manifest-merger-blame-release-report.txt
1<?xml version="1.0" encoding="utf-8"?>
2<manifest xmlns:android="http://schemas.android.com/apk/res/android"
3    package="com.sdk.cpcl"
4    android:versionCode="22012701"
5    android:versionName="CPCL_Demo_V1.13.01" >
6
7    <uses-sdk
8        android:minSdkVersion="21"
9        android:targetSdkVersion="35" />
10
11    <uses-permission android:name="android.permission.ACCESS_FINE_LOCATION" />
11-->src\main\AndroidManifest.xml:3:5-79
11-->src\main\AndroidManifest.xml:3:22-76
12    <uses-permission android:name="android.permission.ACCESS_COARSE_LOCATION" />
12-->src\main\AndroidManifest.xml:4:5-81
12-->src\main\AndroidManifest.xml:4:22-78
13    <uses-permission android:name="android.permission.BLUETOOTH" />
13-->src\main\AndroidManifest.xml:5:5-68
13-->src\main\AndroidManifest.xml:5:22-65
14    <uses-permission android:name="android.permission.BLUETOOTH_ADMIN" />
14-->src\main\AndroidManifest.xml:6:5-74
14-->src\main\AndroidManifest.xml:6:22-71
15    <uses-permission android:name="android.permission.CHANGE_NETWORK_STATE" />
15-->src\main\AndroidManifest.xml:7:5-79
15-->src\main\AndroidManifest.xml:7:22-76
16    <uses-permission android:name="android.permission.CHANGE_WIFI_STATE" />
16-->src\main\AndroidManifest.xml:8:5-76
16-->src\main\AndroidManifest.xml:8:22-73
17    <uses-permission android:name="android.permission.ACCESS_NETWORK_STATE" />
17-->src\main\AndroidManifest.xml:9:5-79
17-->src\main\AndroidManifest.xml:9:22-76
18    <uses-permission android:name="android.permission.ACCESS_WIFI_STATE" />
18-->src\main\AndroidManifest.xml:10:5-76
18-->src\main\AndroidManifest.xml:10:22-73
19    <uses-permission android:name="android.permission.INTERNET" />
19-->src\main\AndroidManifest.xml:11:5-67
19-->src\main\AndroidManifest.xml:11:22-64
20    <uses-permission android:name="android.permission.WAKE_LOCK" />
20-->src\main\AndroidManifest.xml:12:5-68
20-->src\main\AndroidManifest.xml:12:22-65
21
22    <uses-feature android:name="android.hardware.usb.host" />
22-->src\main\AndroidManifest.xml:14:5-62
22-->src\main\AndroidManifest.xml:14:19-59
23
24    <meta-data android:name="android.hardware.usb.action.USB_DEVICE_ATTACHED" />
24-->src\main\AndroidManifest.xml:16:5-81
24-->src\main\AndroidManifest.xml:16:16-78
25
26    <uses-permission android:name="android.permission.WRITE_EXTERNAL_STORAGE" />
26-->src\main\AndroidManifest.xml:18:5-81
26-->src\main\AndroidManifest.xml:18:22-78
27    <uses-permission android:name="android.permission.READ_EXTERNAL_STORAGE" />
27-->src\main\AndroidManifest.xml:19:5-80
27-->src\main\AndroidManifest.xml:19:22-77
28    <uses-permission android:name="android.permission.POST_NOTIFICATIONS" />
28-->src\main\AndroidManifest.xml:20:5-77
28-->src\main\AndroidManifest.xml:20:22-74
29    <uses-permission android:name="android.permission.MOUNT_UNMOUNT_FILESYSTEMS" />
29-->src\main\AndroidManifest.xml:21:5-22:47
29-->src\main\AndroidManifest.xml:21:22-81
30
31    <uses-feature android:name="android.hardware.camera" />
31-->src\main\AndroidManifest.xml:24:5-60
31-->src\main\AndroidManifest.xml:24:19-57
32    <uses-feature android:name="android.hardware.camera.autofocus" />
32-->src\main\AndroidManifest.xml:25:5-70
32-->src\main\AndroidManifest.xml:25:19-67
33
34    <uses-permission android:name="android.permission.READ_PHONE_STATE" />
34-->src\main\AndroidManifest.xml:27:5-75
34-->src\main\AndroidManifest.xml:27:22-72
35    <!-- 适配Android R包可见性 开始 -->
36    <queries package="com.sdk.cpcl" >
36-->[com.github.LuckSiege.PictureSelector:picture_library:v2.6.0] AndroidManifest.xml:14:5-21:15
36-->[com.github.LuckSiege.PictureSelector:picture_library:v2.6.0] AndroidManifest.xml:14:14-40
37        <intent>
37-->[com.github.LuckSiege.PictureSelector:picture_library:v2.6.0] AndroidManifest.xml:15:9-17:18
38            <action android:name="android.media.action.IMAGE_CAPTURE" />
38-->[com.github.LuckSiege.PictureSelector:picture_library:v2.6.0] AndroidManifest.xml:16:13-73
38-->[com.github.LuckSiege.PictureSelector:picture_library:v2.6.0] AndroidManifest.xml:16:21-70
39        </intent>
40        <intent>
40-->[com.github.LuckSiege.PictureSelector:picture_library:v2.6.0] AndroidManifest.xml:18:9-20:18
41            <action android:name="android.media.action.ACTION_VIDEO_CAPTURE" />
41-->[com.github.LuckSiege.PictureSelector:picture_library:v2.6.0] AndroidManifest.xml:19:13-80
41-->[com.github.LuckSiege.PictureSelector:picture_library:v2.6.0] AndroidManifest.xml:19:21-77
42        </intent>
43    </queries>
44
45    <application
45-->src\main\AndroidManifest.xml:28:5-72:19
46        android:allowBackup="true"
46-->src\main\AndroidManifest.xml:29:9-35
47        android:appComponentFactory="androidx.core.app.CoreComponentFactory"
47-->[androidx.core:core:1.3.0] AndroidManifest.xml:24:18-86
48        android:extractNativeLibs="true"
49        android:icon="@drawable/logo2"
49-->src\main\AndroidManifest.xml:30:9-39
50        android:label="@string/app_name"
50-->src\main\AndroidManifest.xml:31:9-41
51        android:requestLegacyExternalStorage="true"
51-->src\main\AndroidManifest.xml:34:9-52
52        android:roundIcon="@mipmap/ic_launcher_round"
52-->src\main\AndroidManifest.xml:32:9-54
53        android:supportsRtl="true"
53-->src\main\AndroidManifest.xml:33:9-35
54        android:theme="@style/AppTheme" >
54-->src\main\AndroidManifest.xml:35:9-40
55        <activity
55-->src\main\AndroidManifest.xml:36:9-45:20
56            android:name="com.sdk.cpcl.Activity_Logo"
56-->src\main\AndroidManifest.xml:38:13-42
57            android:exported="true"
57-->src\main\AndroidManifest.xml:37:13-36
58            android:label="@string/app_name" >
58-->src\main\AndroidManifest.xml:39:13-45
59            <intent-filter>
59-->src\main\AndroidManifest.xml:40:13-44:29
60                <action android:name="android.intent.action.MAIN" />
60-->src\main\AndroidManifest.xml:41:17-69
60-->src\main\AndroidManifest.xml:41:25-66
61
62                <category android:name="android.intent.category.LAUNCHER" />
62-->src\main\AndroidManifest.xml:43:17-77
62-->src\main\AndroidManifest.xml:43:27-74
63            </intent-filter>
64        </activity>
65        <activity
65-->src\main\AndroidManifest.xml:46:9-48:49
66            android:name="com.sdk.cpcl.Activity_Main"
66-->src\main\AndroidManifest.xml:47:13-42
67            android:label="@string/app_title" />
67-->src\main\AndroidManifest.xml:48:13-46
68        <activity android:name="com.sdk.cpcl.Activity_1DBarcodes" />
68-->src\main\AndroidManifest.xml:49:9-57
68-->src\main\AndroidManifest.xml:49:19-54
69        <activity
69-->src\main\AndroidManifest.xml:50:9-52:59
70            android:name="com.sdk.cpcl.Activity_DeviceList"
70-->src\main\AndroidManifest.xml:51:13-48
71            android:theme="@android:style/Theme.Dialog" />
71-->src\main\AndroidManifest.xml:52:13-56
72        <activity
72-->src\main\AndroidManifest.xml:53:9-55:59
73            android:name="com.sdk.cpcl.Activity_Print_Image"
73-->src\main\AndroidManifest.xml:54:13-49
74            android:theme="@android:style/Theme.Dialog" />
74-->src\main\AndroidManifest.xml:55:13-56
75        <activity android:name="com.sdk.cpcl.Activity_PRNFile" />
75-->src\main\AndroidManifest.xml:56:9-54
75-->src\main\AndroidManifest.xml:56:19-51
76        <activity android:name="com.sdk.cpcl.Activity_Image_File" />
76-->src\main\AndroidManifest.xml:57:9-57
76-->src\main\AndroidManifest.xml:57:19-54
77        <activity android:name="com.sdk.cpcl.Activity_QRCode" />
77-->src\main\AndroidManifest.xml:58:9-53
77-->src\main\AndroidManifest.xml:58:19-50
78        <activity android:name="com.sdk.cpcl.Activity_Setting" />
78-->src\main\AndroidManifest.xml:59:9-54
78-->src\main\AndroidManifest.xml:59:19-51
79        <activity android:name="com.sdk.cpcl.Activity_TextFormat" />
79-->src\main\AndroidManifest.xml:60:9-57
79-->src\main\AndroidManifest.xml:60:19-54
80        <activity
80-->src\main\AndroidManifest.xml:61:9-63:59
81            android:name="com.sdk.cpcl.Activity_Wifi"
81-->src\main\AndroidManifest.xml:62:13-42
82            android:theme="@android:style/Theme.Dialog" />
82-->src\main\AndroidManifest.xml:63:13-56
83        <activity android:name="com.sdk.cpcl.Activity_Image_Download" />
83-->src\main\AndroidManifest.xml:64:9-61
83-->src\main\AndroidManifest.xml:64:19-58
84        <activity android:name="com.sdk.cpcl.Activity_Image_Print" />
84-->src\main\AndroidManifest.xml:65:9-58
84-->src\main\AndroidManifest.xml:65:19-55
85        <activity
85-->src\main\AndroidManifest.xml:66:9-68:59
86            android:name="com.sdk.cpcl.Activity_Status"
86-->src\main\AndroidManifest.xml:67:13-44
87            android:theme="@android:style/Theme.Dialog" />
87-->src\main\AndroidManifest.xml:68:13-56
88        <activity android:name="com.sdk.cpcl.Activity_TextBackground" />
88-->src\main\AndroidManifest.xml:69:9-61
88-->src\main\AndroidManifest.xml:69:19-58
89        <activity android:name="com.sdk.cpcl.AutoTextActivity" />
89-->src\main\AndroidManifest.xml:70:9-63
89-->src\main\AndroidManifest.xml:70:19-51
90        <activity android:name="com.sdk.cpcl.BTActivity" />
90-->src\main\AndroidManifest.xml:71:9-57
90-->src\main\AndroidManifest.xml:71:19-45
91
92        <provider
92-->[com.github.LuckSiege.PictureSelector:picture_library:v2.6.0] AndroidManifest.xml:25:9-33:20
93            android:name="com.luck.picture.lib.PictureFileProvider"
93-->[com.github.LuckSiege.PictureSelector:picture_library:v2.6.0] AndroidManifest.xml:26:13-68
94            android:authorities="com.sdk.cpcl.provider"
94-->[com.github.LuckSiege.PictureSelector:picture_library:v2.6.0] AndroidManifest.xml:27:13-60
95            android:exported="false"
95-->[com.github.LuckSiege.PictureSelector:picture_library:v2.6.0] AndroidManifest.xml:28:13-37
96            android:grantUriPermissions="true" >
96-->[com.github.LuckSiege.PictureSelector:picture_library:v2.6.0] AndroidManifest.xml:29:13-47
97            <meta-data
97-->[com.github.LuckSiege.PictureSelector:picture_library:v2.6.0] AndroidManifest.xml:30:13-32:54
98                android:name="android.support.FILE_PROVIDER_PATHS"
98-->[com.github.LuckSiege.PictureSelector:picture_library:v2.6.0] AndroidManifest.xml:31:17-67
99                android:resource="@xml/file_paths" />
99-->[com.github.LuckSiege.PictureSelector:picture_library:v2.6.0] AndroidManifest.xml:32:17-51
100        </provider>
101
102        <activity
102-->[com.github.LuckSiege.PictureSelector:picture_library:v2.6.0] AndroidManifest.xml:35:9-37:77
103            android:name="com.luck.picture.lib.PictureSelectorActivity"
103-->[com.github.LuckSiege.PictureSelector:picture_library:v2.6.0] AndroidManifest.xml:36:13-72
104            android:configChanges="orientation|keyboardHidden|screenSize" />
104-->[com.github.LuckSiege.PictureSelector:picture_library:v2.6.0] AndroidManifest.xml:37:13-74
105        <activity
105-->[com.github.LuckSiege.PictureSelector:picture_library:v2.6.0] AndroidManifest.xml:38:9-40:77
106            android:name="com.luck.picture.lib.PictureSelectorWeChatStyleActivity"
106-->[com.github.LuckSiege.PictureSelector:picture_library:v2.6.0] AndroidManifest.xml:39:13-83
107            android:configChanges="orientation|keyboardHidden|screenSize" />
107-->[com.github.LuckSiege.PictureSelector:picture_library:v2.6.0] AndroidManifest.xml:40:13-74
108        <activity
108-->[com.github.LuckSiege.PictureSelector:picture_library:v2.6.0] AndroidManifest.xml:41:9-44:64
109            android:name="com.luck.picture.lib.PictureSelectorCameraEmptyActivity"
109-->[com.github.LuckSiege.PictureSelector:picture_library:v2.6.0] AndroidManifest.xml:42:13-83
110            android:configChanges="orientation|keyboardHidden|screenSize"
110-->[com.github.LuckSiege.PictureSelector:picture_library:v2.6.0] AndroidManifest.xml:43:13-74
111            android:theme="@style/Picture.Theme.Translucent" />
111-->[com.github.LuckSiege.PictureSelector:picture_library:v2.6.0] AndroidManifest.xml:44:13-61
112        <activity
112-->[com.github.LuckSiege.PictureSelector:picture_library:v2.6.0] AndroidManifest.xml:45:9-47:77
113            android:name="com.luck.picture.lib.PictureCustomCameraActivity"
113-->[com.github.LuckSiege.PictureSelector:picture_library:v2.6.0] AndroidManifest.xml:46:13-76
114            android:configChanges="orientation|keyboardHidden|screenSize" />
114-->[com.github.LuckSiege.PictureSelector:picture_library:v2.6.0] AndroidManifest.xml:47:13-74
115        <activity
115-->[com.github.LuckSiege.PictureSelector:picture_library:v2.6.0] AndroidManifest.xml:48:9-50:77
116            android:name="com.luck.picture.lib.PicturePreviewActivity"
116-->[com.github.LuckSiege.PictureSelector:picture_library:v2.6.0] AndroidManifest.xml:49:13-71
117            android:configChanges="orientation|keyboardHidden|screenSize" />
117-->[com.github.LuckSiege.PictureSelector:picture_library:v2.6.0] AndroidManifest.xml:50:13-74
118        <activity
118-->[com.github.LuckSiege.PictureSelector:picture_library:v2.6.0] AndroidManifest.xml:51:9-53:77
119            android:name="com.luck.picture.lib.PictureSelectorPreviewWeChatStyleActivity"
119-->[com.github.LuckSiege.PictureSelector:picture_library:v2.6.0] AndroidManifest.xml:52:13-90
120            android:configChanges="orientation|keyboardHidden|screenSize" />
120-->[com.github.LuckSiege.PictureSelector:picture_library:v2.6.0] AndroidManifest.xml:53:13-74
121        <activity
121-->[com.github.LuckSiege.PictureSelector:picture_library:v2.6.0] AndroidManifest.xml:54:9-57:50
122            android:name="com.luck.picture.lib.PictureVideoPlayActivity"
122-->[com.github.LuckSiege.PictureSelector:picture_library:v2.6.0] AndroidManifest.xml:55:13-73
123            android:configChanges="orientation|keyboardHidden|screenSize"
123-->[com.github.LuckSiege.PictureSelector:picture_library:v2.6.0] AndroidManifest.xml:56:13-74
124            android:screenOrientation="sensor" />
124-->[com.github.LuckSiege.PictureSelector:picture_library:v2.6.0] AndroidManifest.xml:57:13-47
125        <activity
125-->[com.github.LuckSiege.PictureSelector:picture_library:v2.6.0] AndroidManifest.xml:58:9-60:77
126            android:name="com.luck.picture.lib.PictureExternalPreviewActivity"
126-->[com.github.LuckSiege.PictureSelector:picture_library:v2.6.0] AndroidManifest.xml:59:13-79
127            android:configChanges="orientation|keyboardHidden|screenSize" />
127-->[com.github.LuckSiege.PictureSelector:picture_library:v2.6.0] AndroidManifest.xml:60:13-74
128        <activity
128-->[com.github.LuckSiege.PictureSelector:picture_library:v2.6.0] AndroidManifest.xml:61:9-63:77
129            android:name="com.luck.picture.lib.PicturePlayAudioActivity"
129-->[com.github.LuckSiege.PictureSelector:picture_library:v2.6.0] AndroidManifest.xml:62:13-73
130            android:configChanges="orientation|keyboardHidden|screenSize" />
130-->[com.github.LuckSiege.PictureSelector:picture_library:v2.6.0] AndroidManifest.xml:63:13-74
131        <activity
131-->[com.github.LuckSiege.PictureSelector:picture_library:v2.6.0] AndroidManifest.xml:64:9-66:61
132            android:name="com.yalantis.ucrop.UCropActivity"
132-->[com.github.LuckSiege.PictureSelector:picture_library:v2.6.0] AndroidManifest.xml:65:13-60
133            android:theme="@style/Base.Theme.NoActionBar" />
133-->[com.github.LuckSiege.PictureSelector:picture_library:v2.6.0] AndroidManifest.xml:66:13-58
134        <activity
134-->[com.github.LuckSiege.PictureSelector:picture_library:v2.6.0] AndroidManifest.xml:67:9-69:61
135            android:name="com.yalantis.ucrop.PictureMultiCuttingActivity"
135-->[com.github.LuckSiege.PictureSelector:picture_library:v2.6.0] AndroidManifest.xml:68:13-74
136            android:theme="@style/Base.Theme.NoActionBar" />
136-->[com.github.LuckSiege.PictureSelector:picture_library:v2.6.0] AndroidManifest.xml:69:13-58
137    </application>
138
139</manifest>